app/build/intermediates/manifest_merge_blame_file/debug/manifest-merger-blame-debug-report.txt
1<?xml version="1.0" encoding="utf-8"?>
2<manifest xmlns:android="http://schemas.android.com/apk/res/android"
3    package="com.jogorogo.tesopencv2"
4    android:versionCode="1"
5    android:versionName="1.0" >
6
7    <uses-sdk
8        android:minSdkVersion="15"
8-->src/main/AndroidManifest.xml
9        android:targetSdkVersion="29" />
9-->src/main/AndroidManifest.xml
10
11    <uses-permission android:name="android.permission.CAMERA" />
11-->src/main/AndroidManifest.xml:5:5-65
11-->src/main/AndroidManifest.xml:5:22-62
12    <uses-permission android:name="android.permission.WRITE_EXTERNAL_STORAGE" />
12-->src/main/AndroidManifest.xml:6:5-81
12-->src/main/AndroidManifest.xml:6:22-78
13
14    <application
14-->src/main/AndroidManifest.xml:8:5-36:19
15        android:allowBackup="true"
15-->src/main/AndroidManifest.xml:9:9-35
16        android:appComponentFactory="androidx.core.app.CoreComponentFactory"
16-->[androidx.core:core:1.1.0] AndroidManifest.xml:24:18-86
17        android:debuggable="true"
18        android:icon="@mipmap/ic_launcher"
18-->src/main/AndroidManifest.xml:10:9-43
19        android:label="@string/app_name"
19-->src/main/AndroidManifest.xml:11:9-41
20        android:largeHeap="true"
20-->src/main/AndroidManifest.xml:13:9-33
21        android:supportsRtl="true"
21-->src/main/AndroidManifest.xml:12:9-35
22        android:testOnly="true"
23        android:theme="@style/Theme.AppCompat" >
23-->src/main/AndroidManifest.xml:14:9-47
24        <provider
25            android:name="androidx.core.content.FileProvider"
25-->src/main/AndroidManifest.xml:17:13-62
26            android:authorities="com.jogorogo.tesopencv2.provider"
26-->src/main/AndroidManifest.xml:18:13-60
27            android:exported="false"
27-->src/main/AndroidManifest.xml:19:13-37
28            android:grantUriPermissions="true" >
28-->src/main/AndroidManifest.xml:20:13-47
29            <meta-data
29-->src/main/AndroidManifest.xml:21:13-23:57
30                android:name="android.support.FILE_PROVIDER_PATHS"
30-->src/main/AndroidManifest.xml:22:17-67
31                android:resource="@xml/provider_paths" />
31-->src/main/AndroidManifest.xml:23:17-55
32        </provider>
33
34        <activity
34-->src/main/AndroidManifest.xml:26:9-35:20
35            android:name="com.jogorogo.tesopencv2.MainActivity"
35-->src/main/AndroidManifest.xml:27:13-41
36            android:screenOrientation="portrait" >
36-->src/main/AndroidManifest.xml:28:13-49
37            <intent-filter>
37-->src/main/AndroidManifest.xml:30:13-34:29
38                <action android:name="android.intent.action.MAIN" />
38-->src/main/AndroidManifest.xml:31:17-69
38-->src/main/AndroidManifest.xml:31:25-66
39
40                <category android:name="android.intent.category.LAUNCHER" />
40-->src/main/AndroidManifest.xml:33:17-77
40-->src/main/AndroidManifest.xml:33:27-74
41            </intent-filter>
42        </activity>
43    </application>
44
45</manifest>